# JRE version: Java(TM) SE Runtime Environment (8.0_144-b01) (build 1.8.0_144-b01)
# Java VM: Java HotSpot(TM) 64-Bit Server VM (25.144-b01 mixed mode windows-amd64 compressed oops)
Heap:
 PSYoungGen      total 254976K, used 221845K [0x000000076b500000, 0x000000077c280000, 0x00000007c0000000)
  eden space 238080K, 93% used [0x000000076b500000,0x0000000778da57e8,0x0000000779d80000)
  from space 16896K, 0% used [0x000000077b200000,0x000000077b200000,0x000000077c280000)
  to   space 18944K, 0% used [0x0000000779d80000,0x0000000779d80000,0x000000077b000000)
 ParOldGen       total 101888K, used 17429K [0x00000006c1e00000, 0x00000006c8180000, 0x000000076b500000)
  object space 101888K, 17% used [0x00000006c1e00000,0x00000006c2f05688,0x00000006c8180000)
 Metaspace       used 46850K, capacity 49218K, committed 49448K, reserved 1091584K
  class space    used 5958K, capacity 6411K, committed 6440K, reserved 1048576K
GC Heap History (10 events):
Event: 3.086 GC heap before
{Heap before GC invocations=4 (full 1):
 PSYoungGen      total 76288K, used 6821K [0x000000076b500000, 0x0000000774a00000, 0x00000007c0000000)
  eden space 65536K, 0% used [0x000000076b500000,0x000000076b500000,0x000000076f500000)
  from space 10752K, 63% used [0x000000076f500000,0x000000076fba9700,0x000000076ff80000)
  to   space 10752K, 0% used [0x0000000773f80000,0x0000000773f80000,0x0000000774a00000)
 ParOldGen       total 175104K, used 1581K [0x00000006c1e00000, 0x00000006cc900000, 0x000000076b500000)
  object space 175104K, 0% used [0x00000006c1e00000,0x00000006c1f8b660,0x00000006cc900000)
 Metaspace       used 20730K, capacity 21278K, committed 21296K, reserved 1067008K
  class space    used 2659K, capacity 2847K, committed 2864K, reserved 1048576K
Event: 3.139 GC heap after
Heap after GC invocations=4 (full 1):
 PSYoungGen      total 76288K, used 0K [0x000000076b500000, 0x0000000774a00000, 0x00000007c0000000)
  eden space 65536K, 0% used [0x000000076b500000,0x000000076b500000,0x000000076f500000)
  from space 10752K, 0% used [0x000000076f500000,0x000000076f500000,0x000000076ff80000)
  to   space 10752K, 0% used [0x0000000773f80000,0x0000000773f80000,0x0000000774a00000)
 ParOldGen       total 78336K, used 6625K [0x00000006c1e00000, 0x00000006c6a80000, 0x000000076b500000)
  object space 78336K, 8% used [0x00000006c1e00000,0x00000006c24786c8,0x00000006c6a80000)
 Metaspace       used 20730K, capacity 21278K, committed 21296K, reserved 1067008K
  class space    used 2659K, capacity 2847K, committed 2864K, reserved 1048576K
}
Event: 4.605 GC heap before
{Heap before GC invocations=5 (full 1):
 PSYoungGen      total 76288K, used 65536K [0x000000076b500000, 0x0000000774a00000, 0x00000007c0000000)
  eden space 65536K, 100% used [0x000000076b500000,0x000000076f500000,0x000000076f500000)
  from space 10752K, 0% used [0x000000076f500000,0x000000076f500000,0x000000076ff80000)
  to   space 10752K, 0% used [0x0000000773f80000,0x0000000773f80000,0x0000000774a00000)
 ParOldGen       total 78336K, used 6625K [0x00000006c1e00000, 0x00000006c6a80000, 0x000000076b500000)
  object space 78336K, 8% used [0x00000006c1e00000,0x00000006c24786c8,0x00000006c6a80000)
 Metaspace       used 24060K, capacity 24760K, committed 25008K, reserved 1071104K
  class space    used 3050K, capacity 3246K, committed 3248K, reserved 1048576K
Event: 4.614 GC heap after
Heap after GC invocations=5 (full 1):
 PSYoungGen      total 131584K, used 5244K [0x000000076b500000, 0x0000000774500000, 0x00000007c0000000)
  eden space 125952K, 0% used [0x000000076b500000,0x000000076b500000,0x0000000773000000)
  from space 5632K, 93% used [0x0000000773f80000,0x000000077449f2d0,0x0000000774500000)
  to   space 10752K, 0% used [0x0000000773000000,0x0000000773000000,0x0000000773a80000)
 ParOldGen       total 78336K, used 6697K [0x00000006c1e00000, 0x00000006c6a80000, 0x000000076b500000)
  object space 78336K, 8% used [0x00000006c1e00000,0x00000006c248a6d8,0x00000006c6a80000)
 Metaspace       used 24060K, capacity 24760K, committed 25008K, reserved 1071104K
  class space    used 3050K, capacity 3246K, committed 3248K, reserved 1048576K
}
Event: 7.665 GC heap before
{Heap before GC invocations=6 (full 1):
 PSYoungGen      total 131584K, used 131196K [0x000000076b500000, 0x0000000774500000, 0x00000007c0000000)
  eden space 125952K, 100% used [0x000000076b500000,0x0000000773000000,0x0000000773000000)
  from space 5632K, 93% used [0x0000000773f80000,0x000000077449f2d0,0x0000000774500000)
  to   space 10752K, 0% used [0x0000000773000000,0x0000000773000000,0x0000000773a80000)
 ParOldGen       total 78336K, used 6697K [0x00000006c1e00000, 0x00000006c6a80000, 0x000000076b500000)
  object space 78336K, 8% used [0x00000006c1e00000,0x00000006c248a6d8,0x00000006c6a80000)
 Metaspace       used 33298K, capacity 34568K, committed 34736K, reserved 1079296K
  class space    used 4251K, capacity 4512K, committed 4528K, reserved 1048576K
Event: 7.692 GC heap after
Heap after GC invocations=6 (full 1):
 PSYoungGen      total 136704K, used 10743K [0x000000076b500000, 0x000000077c500000, 0x00000007c0000000)
  eden space 125952K, 0% used [0x000000076b500000,0x000000076b500000,0x0000000773000000)
  from space 10752K, 99% used [0x0000000773000000,0x0000000773a7dfa0,0x0000000773a80000)
  to   space 19456K, 0% used [0x000000077b200000,0x000000077b200000,0x000000077c500000)
 ParOldGen       total 78336K, used 14348K [0x00000006c1e00000, 0x00000006c6a80000, 0x000000076b500000)
  object space 78336K, 18% used [0x00000006c1e00000,0x00000006c2c03308,0x00000006c6a80000)
 Metaspace       used 33298K, capacity 34568K, committed 34736K, reserved 1079296K
  class space    used 4251K, capacity 4512K, committed 4528K, reserved 1048576K
}
Event: 7.878 GC heap before
{Heap before GC invocations=7 (full 1):
 PSYoungGen      total 136704K, used 20932K [0x000000076b500000, 0x000000077c500000, 0x00000007c0000000)
  eden space 125952K, 8% used [0x000000076b500000,0x000000076bef3140,0x0000000773000000)
  from space 10752K, 99% used [0x0000000773000000,0x0000000773a7dfa0,0x0000000773a80000)
  to   space 19456K, 0% used [0x000000077b200000,0x000000077b200000,0x000000077c500000)
 ParOldGen       total 78336K, used 14348K [0x00000006c1e00000, 0x00000006c6a80000, 0x000000076b500000)
  object space 78336K, 18% used [0x00000006c1e00000,0x00000006c2c03308,0x00000006c6a80000)
 Metaspace       used 33900K, capacity 35342K, committed 35496K, reserved 1079296K
  class space    used 4373K, capacity 4657K, committed 4776K, reserved 1048576K
Event: 7.896 GC heap after
Heap after GC invocations=7 (full 1):
 PSYoungGen      total 254976K, used 11271K [0x000000076b500000, 0x000000077c280000, 0x00000007c0000000)
  eden space 238080K, 0% used [0x000000076b500000,0x000000076b500000,0x0000000779d80000)
  from space 16896K, 66% used [0x000000077b200000,0x000000077bd01cf0,0x000000077c280000)
  to   space 18944K, 0% used [0x0000000779d80000,0x0000000779d80000,0x000000077b000000)
 ParOldGen       total 78336K, used 14356K [0x00000006c1e00000, 0x00000006c6a80000, 0x000000076b500000)
  object space 78336K, 18% used [0x00000006c1e00000,0x00000006c2c05308,0x00000006c6a80000)
 Metaspace       used 33900K, capacity 35342K, committed 35496K, reserved 1079296K
  class space    used 4373K, capacity 4657K, committed 4776K, reserved 1048576K
}
Event: 7.896 GC heap before
{Heap before GC invocations=8 (full 2):
 PSYoungGen      total 254976K, used 11271K [0x000000076b500000, 0x000000077c280000, 0x00000007c0000000)
  eden space 238080K, 0% used [0x000000076b500000,0x000000076b500000,0x0000000779d80000)
  from space 16896K, 66% used [0x000000077b200000,0x000000077bd01cf0,0x000000077c280000)
  to   space 18944K, 0% used [0x0000000779d80000,0x0000000779d80000,0x000000077b000000)
 ParOldGen       total 78336K, used 14356K [0x00000006c1e00000, 0x00000006c6a80000, 0x000000076b500000)
  object space 78336K, 18% used [0x00000006c1e00000,0x00000006c2c05308,0x00000006c6a80000)
 Metaspace       used 33900K, capacity 35342K, committed 35496K, reserved 1079296K
  class space    used 4373K, capacity 4657K, committed 4776K, reserved 1048576K
Event: 7.993 GC heap after
Heap after GC invocations=8 (full 2):
 PSYoungGen      total 254976K, used 0K [0x000000076b500000, 0x000000077c280000, 0x00000007c0000000)
  eden space 238080K, 0% used [0x000000076b500000,0x000000076b500000,0x0000000779d80000)
  from space 16896K, 0% used [0x000000077b200000,0x000000077b200000,0x000000077c280000)
  to   space 18944K, 0% used [0x0000000779d80000,0x0000000779d80000,0x000000077b000000)
 ParOldGen       total 101888K, used 17429K [0x00000006c1e00000, 0x00000006c8180000, 0x000000076b500000)
  object space 101888K, 17% used [0x00000006c1e00000,0x00000006c2f05688,0x00000006c8180000)
 Metaspace       used 33900K, capacity 35342K, committed 35496K, reserved 1079296K
  class space    used 4373K, capacity 4657K, committed 4776K, reserved 1048576K
}

